<?xml version="1.0" encoding="UTF-8"?>
<!-- Generated by org.testng.reporters.JUnitReportReporter -->
<testsuite skipped="0" hostname="co0per-K53E" name="AppTest" tests="1" failures="0" timestamp="28 jun 2017 02:31:59 GMT" time="0.017" errors="0">
  <testcase name="testApp" time="0.017" classname="AppTest"/>
</testsuite> <!-- AppTest -->
