<?xml version="1.0" encoding="UTF-8"?>
<!-- Generated by org.testng.reporters.JUnitReportReporter -->
<testsuite skipped="0" hostname="co0per-K53E" name="MensajeTest" tests="6" failures="0" timestamp="28 jun 2017 02:31:59 GMT" time="0.029" errors="0">
  <testcase name="testRemitente" time="0.004" classname="MensajeTest"/>
  <testcase name="testRecipiente" time="0.008" classname="MensajeTest"/>
  <testcase name="testMensaje" time="0.003" classname="MensajeTest"/>
  <testcase name="testBorrado" time="0.003" classname="MensajeTest"/>
  <testcase name="testID" time="0.007" classname="MensajeTest"/>
  <testcase name="testAsunto" time="0.004" classname="MensajeTest"/>
</testsuite> <!-- MensajeTest -->
