<?xml version="1.0" encoding="UTF-8"?>
<!-- Generated by org.testng.reporters.JUnitReportReporter -->
<testsuite skipped="0" hostname="co0per-K53E" name="UsuarioTest" tests="10" failures="0" timestamp="28 jun 2017 02:31:59 GMT" time="0.194" errors="0">
  <testcase name="testNombre" time="0.028" classname="UsuarioTest"/>
  <testcase name="testPass" time="0.014" classname="UsuarioTest"/>
  <testcase name="testApellido" time="0.025" classname="UsuarioTest"/>
  <testcase name="testEmail" time="0.013" classname="UsuarioTest"/>
  <testcase name="testTelefono" time="0.015" classname="UsuarioTest"/>
  <testcase name="testEmail2" time="0.025" classname="UsuarioTest"/>
  <testcase name="testDireccion" time="0.018" classname="UsuarioTest"/>
  <testcase name="testProvincia" time="0.019" classname="UsuarioTest"/>
  <testcase name="testCiudad" time="0.023" classname="UsuarioTest"/>
  <testcase name="testPais" time="0.014" classname="UsuarioTest"/>
</testsuite> <!-- UsuarioTest -->
